<?xml version="1.0" encoding="UTF-8"?>
<!-- Generated by org.testng.reporters.JUnitReportReporter -->
<testsuite hostname="DESKTOP-51SVHDM" failures="0" tests="1" name="TripGain.TripGain.LoginUserTestCase1" time="7.838" errors="0" timestamp="2025-02-27T13:56:23 IST" skipped="0">
  <testcase classname="TripGain.TripGain.LoginUserTestCase1" name="testEnterUsername" time="7.838"/>
</testsuite> <!-- TripGain.TripGain.LoginUserTestCase1 -->
