<?xml version="1.0" encoding="UTF-8"?>
<!-- Generated by org.testng.reporters.JUnitReportReporter -->
<testsuite hostname="DESKTOP-51SVHDM" failures="0" tests="1" name="TripGain.TripGain.LaunchTripgain" time="6.884" errors="0" timestamp="2025-02-26T16:15:00 IST" skipped="0">
  <testcase classname="TripGain.TripGain.LaunchTripgain" name="launch" time="6.884"/>
</testsuite> <!-- TripGain.TripGain.LaunchTripgain -->
