<?xml version="1.0" encoding="UTF-8"?>
<!-- Generated by org.testng.reporters.JUnitReportReporter -->
<testsuite hostname="DESKTOP-51SVHDM" failures="0" tests="1" name="TripGain.TripGain.TestCase2_InvalidLogin" time="8.865" errors="0" timestamp="2025-03-28T14:01:35 IST" skipped="0">
  <testcase classname="TripGain.TripGain.TestCase2_InvalidLogin" name="InvalidLogin" time="8.865"/>
</testsuite> <!-- TripGain.TripGain.TestCase2_InvalidLogin -->
