<?xml version="1.0" encoding="UTF-8"?>
<!-- Generated by org.testng.reporters.JUnitReportReporter -->
<testsuite hostname="DESKTOP-51SVHDM" failures="0" tests="1" name="TripGain.TripGain.TestCase1_LoginUser" time="31.510" errors="0" timestamp="2025-04-08T15:59:52 IST" skipped="0">
  <testcase classname="TripGain.TripGain.TestCase1_LoginUser" name="testEnterUsername" time="31.510"/>
</testsuite> <!-- TripGain.TripGain.TestCase1_LoginUser -->
