<?xml version="1.0" encoding="UTF-8"?>
<!-- Generated by org.testng.reporters.JUnitReportReporter -->
<testsuite hostname="DESKTOP-51SVHDM" failures="0" tests="1" name="TripGain.TripGain.TestCase3_EmptyUserNamePassword" time="2.794" errors="0" timestamp="2025-03-20T17:14:27 IST" skipped="0">
  <testcase classname="TripGain.TripGain.TestCase3_EmptyUserNamePassword" name="EmptyUserNamePassword" time="2.794"/>
</testsuite> <!-- TripGain.TripGain.TestCase3_EmptyUserNamePassword -->
